<?xml version="1.0" encoding="UTF-8"?>
<!-- Generated by org.testng.reporters.JUnitReportReporter -->
<testsuite hostname="DESKTOP-S8MRBME" failures="0" tests="1" name="browserLogin.ExcelRead" time="8.249" errors="0" timestamp="2022-02-16T06:56:19 IST" skipped="0">
  <testcase classname="browserLogin.ExcelRead" name="readexceldata" time="8.249"/>
  <system-out/>
</testsuite> <!-- browserLogin.ExcelRead -->
