<?xml version="1.0" encoding="UTF-8"?>
<!-- Generated by org.testng.reporters.JUnitReportReporter -->
<testsuite hostname="DESKTOP-S8MRBME" failures="0" tests="1" name="browserLogin.AssignmentOrangeHRM" time="45.584" errors="0" timestamp="2022-02-12T08:57:12 IST" skipped="0">
  <testcase classname="browserLogin.AssignmentOrangeHRM" name="applaunch" time="45.584"/>
  <system-out/>
</testsuite> <!-- browserLogin.AssignmentOrangeHRM -->
