<?xml version="1.0" encoding="UTF-8"?>
<!-- Generated by org.testng.reporters.JUnitReportReporter -->
<testsuite hostname="DESKTOP-S8MRBME" failures="0" tests="1" name="browserLogin.amazontest" time="212.757" errors="0" timestamp="2022-02-22T07:27:59 IST" skipped="0">
  <testcase classname="browserLogin.amazontest" name="f" time="212.757"/>
  <system-out/>
</testsuite> <!-- browserLogin.amazontest -->
