<?xml version="1.0" encoding="UTF-8"?>
<!-- Generated by org.testng.reporters.JUnitReportReporter -->
<testsuite hostname="DESKTOP-S8MRBME" failures="0" tests="2" name="browserLogin.dynamiclogin" time="83.044" errors="0" timestamp="2022-02-14T20:10:40 IST" skipped="0">
  <testcase classname="browserLogin.dynamiclogin" name="applaunch" time="57.634"/>
  <system-out/>
  <testcase classname="browserLogin.dynamiclogin" name="credentialstoapp" time="25.410"/>
  <system-out/>
</testsuite> <!-- browserLogin.dynamiclogin -->
