<?xml version="1.0" encoding="UTF-8"?>
<!-- Generated by org.testng.reporters.JUnitReportReporter -->
<testsuite hostname="DESKTOP-S8MRBME" failures="0" tests="2" name="browserLogin.UsermanagementTest" time="96.405" errors="0" timestamp="2022-02-12T08:57:12 IST" skipped="0">
  <testcase classname="browserLogin.UsermanagementTest" name="applaunch" time="28.272"/>
  <system-out/>
  <testcase classname="browserLogin.UsermanagementTest" name="usermanagement" time="68.133"/>
  <system-out/>
</testsuite> <!-- browserLogin.UsermanagementTest -->
