<?xml version="1.0" encoding="UTF-8"?>
<!-- Generated by org.testng.reporters.JUnitReportReporter -->
<testsuite hostname="DESKTOP-S8MRBME" failures="0" tests="1" name="browserLogin.BrowserLogin" time="50.728" errors="0" timestamp="2022-02-09T21:14:09 IST" skipped="0">
  <testcase classname="browserLogin.BrowserLogin" name="applaunch" time="50.728"/>
  <system-out/>
</testsuite> <!-- browserLogin.BrowserLogin -->
